<?xml version="1.0" encoding="UTF-8"?>
<!-- Generated by org.testng.reporters.JUnitReportReporter -->
<testsuite skipped="0" hostname="JHANSI-PC" name="log4jDemo.Log4jTest" tests="1" failures="0" timestamp="20 Dec 2018 12:02:54 GMT" time="13.988" errors="0">
  <testcase name="logger" time="13.988" classname="log4jDemo.Log4jTest"/>
</testsuite> <!-- log4jDemo.Log4jTest -->
