<?xml version="1.0" encoding="UTF-8"?>
<!-- Generated by org.testng.reporters.JUnitReportReporter -->
<testsuite skipped="0" hostname="JHANSI-PC" name="log4jDemo.Log4jTest" tests="1" failures="0" timestamp="19 May 2019 13:32:19 GMT" time="13.232" errors="0">
  <testcase name="logger" time="13.232" classname="log4jDemo.Log4jTest"/>
</testsuite> <!-- log4jDemo.Log4jTest -->
