<?xml version="1.0" encoding="UTF-8"?>
<!-- Generated by org.testng.reporters.JUnitReportReporter -->
<testsuite hostname="JHANSI-PC" name="log4jDemo.Log4jTest" tests="1" failures="0" timestamp="20 Dec 2018 12:18:53 GMT" time="15.603" errors="0">
  <testcase name="logger" time="15.603" classname="log4jDemo.Log4jTest"/>
</testsuite> <!-- log4jDemo.Log4jTest -->
